Case #1: one
Case #2: double two
Case #3: triple three
Case #4: quadruple four
Case #5: quintuple five
Case #6: sextuple six
Case #7: septuple seven
Case #8: octuple eight
Case #9: nonuple nine
Case #10: decuple zero
Case #11: one one one one one one one one one one
Case #12: one double one triple one quadruple one
Case #13: seven three four nine four six five six zero six
Case #14: four zero five zero two five seven nine eight one
Case #15: six nine three seven five eight five eight four zero
Case #16: two three six nine zero five three six five six
Case #17: two nine two six one seven eight five seven one
Case #18: five zero four zero three two five two six nine
Case #19: three six four nine five two nine four three six
Case #20: five nine two six eight seven nine three two four
Case #21: zero three eight seven two zero four two seven four
Case #22: five zero one eight four six zero three one four
Case #23: two eight zero six zero four one four eight
Case #24: eight four eight six seven eight zero five eight
Case #25: two zero six one eight seven nine six three
Case #26: four eight nine four five
Case #27: nine two eight one five
Case #28: four three eight
Case #29: zero seven six nine one four three
Case #30: four zero four one zero double nine eight seven
Case #31: eight one two nine four
Case #32: triple five eight seven four seven five two
Case #33: two four
Case #34: four zero eight
Case #35: eight
Case #36: one two nine two six five nine
Case #37: double five zero three zero nine
Case #38: double seven five six nine
Case #39: five two zero five
Case #40: five
Case #41: five three nine zero nine one six eight
Case #42: six three two eight seven double zero two six seven
Case #43: four eight zero
Case #44: three seven four five seven
Case #45: four double seven eight one zero eight six eight four
Case #46: eight zero nine
Case #47: seven eight two five nine
Case #48: eight nine double zero seven three
Case #49: five double three six five zero seven eight zero two
Case #50: double six one two six nine seven four zero
Case #51: eight one three
Case #52: four one seven three nine one three seven six eight
Case #53: nine six zero four
Case #54: one six double seven five six four three
Case #55: nine four eight nine eight three six
Case #56: six nine four three five zero four two nine seven
Case #57: five nine double two zero four two zero
Case #58: two four six three seven seven four nine
Case #59: one nine five zero three seven three one six one
Case #60: six
Case #61: zero seven six four
Case #62: one seven one nine seven one two nine double eight
Case #63: one one two
Case #64: four four
Case #65: four five eight seven
Case #66: zero seven six nine eight six double one eight
Case #67: nine three double nine zero
Case #68: nine eight
Case #69: three nine four four
Case #70: one zero eight two eight four one
Case #71: one four two zero eight one two six
Case #72: seven
Case #73: eight five seven six six two
Case #74: four three seven six one six two four two five
Case #75: one double four seven double one zero three
Case #76: four three four six three
Case #77: two nine zero eight
Case #78: four five six three four zero two
Case #79: nine six
Case #80: four two eight three one four
Case #81: five nine five three eight
Case #82: four two six
Case #83: nine three
Case #84: two three
Case #85: five two
Case #86: two seven zero eight two
Case #87: four nine four six double five four one two
Case #88: nine nine five seven triple nine
Case #89: one seven four three eight four two one
Case #90: five double seven
Case #91: five three four zero eight four six zero
Case #92: four one four two five nine zero
Case #93: eight double four zero one
Case #94: double four eight
Case #95: seven two eight one six zero five double six
Case #96: two
Case #97: three five two double six nine
Case #98: one double five eight six
Case #99: seven eight five zero
Case #100: five nine two nine
